# JRE version: OpenJDK Runtime Environment 18.9 (11.0.11+9) (build 11.0.11+9)
# Java VM: OpenJDK 64-Bit Server VM 18.9 (11.0.11+9, mixed mode, tiered, compressed oops, g1 gc, windows-amd64)
Heap:
 garbage-first heap   total 262144K, used 174976K [0x0000000740000000, 0x0000000800000000)
  region size 1024K, 58 young (59392K), 3 survivors (3072K)
 Metaspace       used 114185K, capacity 117130K, committed 117456K, reserved 1150976K
  class space    used 15286K, capacity 16566K, committed 16640K, reserved 1048576K
GC Heap History (20 events):
Event: 2032.404 GC heap before
{Heap before GC invocations=421 (full 270):
 garbage-first heap   total 262144K, used 172408K [0x0000000740000000, 0x0000000800000000)
  region size 1024K, 60 young (61440K), 4 survivors (4096K)
 Metaspace       used 114053K, capacity 116999K, committed 117200K, reserved 1150976K
  class space    used 15279K, capacity 16565K, committed 16640K, reserved 1048576K
}
Event: 2032.407 GC heap after
{Heap after GC invocations=422 (full 270):
 garbage-first heap   total 262144K, used 112034K [0x0000000740000000, 0x0000000800000000)
  region size 1024K, 4 young (4096K), 4 survivors (4096K)
 Metaspace       used 114053K, capacity 116999K, committed 117200K, reserved 1150976K
  class space    used 15279K, capacity 16565K, committed 16640K, reserved 1048576K
}
Event: 2033.276 GC heap before
{Heap before GC invocations=422 (full 270):
 garbage-first heap   total 262144K, used 169378K [0x0000000740000000, 0x0000000800000000)
  region size 1024K, 60 young (61440K), 4 survivors (4096K)
 Metaspace       used 114054K, capacity 116999K, committed 117200K, reserved 1150976K
  class space    used 15279K, capacity 16565K, committed 16640K, reserved 1048576K
}
Event: 2033.278 GC heap after
{Heap after GC invocations=423 (full 270):
 garbage-first heap   total 262144K, used 104934K [0x0000000740000000, 0x0000000800000000)
  region size 1024K, 3 young (3072K), 3 survivors (3072K)
 Metaspace       used 114054K, capacity 116999K, committed 117200K, reserved 1150976K
  class space    used 15279K, capacity 16565K, committed 16640K, reserved 1048576K
}
Event: 2036.634 GC heap before
{Heap before GC invocations=423 (full 270):
 garbage-first heap   total 262144K, used 163302K [0x0000000740000000, 0x0000000800000000)
  region size 1024K, 60 young (61440K), 3 survivors (3072K)
 Metaspace       used 114063K, capacity 117063K, committed 117200K, reserved 1150976K
  class space    used 15279K, capacity 16565K, committed 16640K, reserved 1048576K
}
Event: 2036.637 GC heap after
{Heap after GC invocations=424 (full 270):
 garbage-first heap   total 262144K, used 104973K [0x0000000740000000, 0x0000000800000000)
  region size 1024K, 3 young (3072K), 3 survivors (3072K)
 Metaspace       used 114063K, capacity 117063K, committed 117200K, reserved 1150976K
  class space    used 15279K, capacity 16565K, committed 16640K, reserved 1048576K
}
Event: 2038.982 GC heap before
{Heap before GC invocations=424 (full 270):
 garbage-first heap   total 262144K, used 158221K [0x0000000740000000, 0x0000000800000000)
  region size 1024K, 43 young (44032K), 3 survivors (3072K)
 Metaspace       used 114101K, capacity 117063K, committed 117200K, reserved 1150976K
  class space    used 15279K, capacity 16565K, committed 16640K, reserved 1048576K
}
Event: 2038.986 GC heap after
{Heap after GC invocations=425 (full 270):
 garbage-first heap   total 262144K, used 118401K [0x0000000740000000, 0x0000000800000000)
  region size 1024K, 3 young (3072K), 3 survivors (3072K)
 Metaspace       used 114101K, capacity 117063K, committed 117200K, reserved 1150976K
  class space    used 15279K, capacity 16565K, committed 16640K, reserved 1048576K
}
Event: 2039.151 GC heap before
{Heap before GC invocations=426 (full 270):
 garbage-first heap   total 262144K, used 122497K [0x0000000740000000, 0x0000000800000000)
  region size 1024K, 5 young (5120K), 3 survivors (3072K)
 Metaspace       used 114101K, capacity 117063K, committed 117200K, reserved 1150976K
  class space    used 15279K, capacity 16565K, committed 16640K, reserved 1048576K
}
Event: 2039.154 GC heap after
{Heap after GC invocations=427 (full 270):
 garbage-first heap   total 262144K, used 100301K [0x0000000740000000, 0x0000000800000000)
  region size 1024K, 4 young (4096K), 4 survivors (4096K)
 Metaspace       used 114101K, capacity 117063K, committed 117200K, reserved 1150976K
  class space    used 15279K, capacity 16565K, committed 16640K, reserved 1048576K
}
Event: 2039.703 GC heap before
{Heap before GC invocations=428 (full 270):
 garbage-first heap   total 262144K, used 149453K [0x0000000740000000, 0x0000000800000000)
  region size 1024K, 35 young (35840K), 4 survivors (4096K)
 Metaspace       used 114109K, capacity 117063K, committed 117200K, reserved 1150976K
  class space    used 15279K, capacity 16565K, committed 16640K, reserved 1048576K
}
Event: 2039.707 GC heap after
{Heap after GC invocations=429 (full 270):
 garbage-first heap   total 262144K, used 115671K [0x0000000740000000, 0x0000000800000000)
  region size 1024K, 4 young (4096K), 4 survivors (4096K)
 Metaspace       used 114109K, capacity 117063K, committed 117200K, reserved 1150976K
  class space    used 15279K, capacity 16565K, committed 16640K, reserved 1048576K
}
Event: 2039.793 GC heap before
{Heap before GC invocations=430 (full 270):
 garbage-first heap   total 262144K, used 137175K [0x0000000740000000, 0x0000000800000000)
  region size 1024K, 19 young (19456K), 4 survivors (4096K)
 Metaspace       used 114109K, capacity 117063K, committed 117200K, reserved 1150976K
  class space    used 15279K, capacity 16565K, committed 16640K, reserved 1048576K
}
Event: 2039.797 GC heap after
{Heap after GC invocations=431 (full 270):
 garbage-first heap   total 262144K, used 104410K [0x0000000740000000, 0x0000000800000000)
  region size 1024K, 4 young (4096K), 4 survivors (4096K)
 Metaspace       used 114109K, capacity 117063K, committed 117200K, reserved 1150976K
  class space    used 15279K, capacity 16565K, committed 16640K, reserved 1048576K
}
Event: 2039.998 GC heap before
{Heap before GC invocations=432 (full 270):
 garbage-first heap   total 262144K, used 151514K [0x0000000740000000, 0x0000000800000000)
  region size 1024K, 37 young (37888K), 4 survivors (4096K)
 Metaspace       used 114109K, capacity 117063K, committed 117200K, reserved 1150976K
  class space    used 15279K, capacity 16565K, committed 16640K, reserved 1048576K
}
Event: 2040.001 GC heap after
{Heap after GC invocations=433 (full 270):
 garbage-first heap   total 262144K, used 111434K [0x0000000740000000, 0x0000000800000000)
  region size 1024K, 3 young (3072K), 3 survivors (3072K)
 Metaspace       used 114109K, capacity 117063K, committed 117200K, reserved 1150976K
  class space    used 15279K, capacity 16565K, committed 16640K, reserved 1048576K
}
Event: 2040.091 GC heap before
{Heap before GC invocations=434 (full 270):
 garbage-first heap   total 262144K, used 133962K [0x0000000740000000, 0x0000000800000000)
  region size 1024K, 19 young (19456K), 3 survivors (3072K)
 Metaspace       used 114110K, capacity 117063K, committed 117200K, reserved 1150976K
  class space    used 15279K, capacity 16565K, committed 16640K, reserved 1048576K
}
Event: 2040.095 GC heap after
{Heap after GC invocations=435 (full 270):
 garbage-first heap   total 262144K, used 104770K [0x0000000740000000, 0x0000000800000000)
  region size 1024K, 4 young (4096K), 4 survivors (4096K)
 Metaspace       used 114110K, capacity 117063K, committed 117200K, reserved 1150976K
  class space    used 15279K, capacity 16565K, committed 16640K, reserved 1048576K
}
Event: 2045.104 GC heap before
{Heap before GC invocations=436 (full 270):
 garbage-first heap   total 262144K, used 166210K [0x0000000740000000, 0x0000000800000000)
  region size 1024K, 51 young (52224K), 4 survivors (4096K)
 Metaspace       used 114139K, capacity 117063K, committed 117200K, reserved 1150976K
  class space    used 15284K, capacity 16565K, committed 16640K, reserved 1048576K
}
Event: 2045.107 GC heap after
{Heap after GC invocations=437 (full 270):
 garbage-first heap   total 262144K, used 111488K [0x0000000740000000, 0x0000000800000000)
  region size 1024K, 3 young (3072K), 3 survivors (3072K)
 Metaspace       used 114139K, capacity 117063K, committed 117200K, reserved 1150976K
  class space    used 15284K, capacity 16565K, committed 16640K, reserved 1048576K
}

